<?xml version="1.0" encoding="UTF-8"?>
<testng-results skipped="0" failed="1" ignored="2" total="5" passed="2">
  <reporter-output>
  </reporter-output>
  <suite name="Suite" duration-ms="28822" started-at="2020-02-01T11:33:57 IST" finished-at="2020-02-01T11:34:25 IST">
    <groups>
      <group name="cucumber">
        <method signature="AbstractTestNGCucumberTests.runScenario(cucumber.api.testng.PickleEventWrapper, cucumber.api.testng.CucumberFeatureWrapper)[pri:0, instance:com.leafBot.testcases.TC003_CreateLead@6b57696f]" name="runScenario" class="cucumber.api.testng.AbstractTestNGCucumberTests"/>
        <method signature="AbstractTestNGCucumberTests.runScenario(cucumber.api.testng.PickleEventWrapper, cucumber.api.testng.CucumberFeatureWrapper)[pri:0, instance:com.leafBot.testcases.TC004_EditLead@5bb21b69]" name="runScenario" class="cucumber.api.testng.AbstractTestNGCucumberTests"/>
      </group> <!-- cucumber -->
    </groups>
    <test name="Test" duration-ms="28822" started-at="2020-02-01T11:33:57 IST" finished-at="2020-02-01T11:34:25 IST">
      <class name="com.leafBot.testcases.TC003_CreateLead">
        <test-method status="PASS" signature="startReport()[pri:0, instance:com.leafBot.testcases.TC003_CreateLead@6b57696f]" name="startReport" is-config="true" duration-ms="471" started-at="2020-02-01T11:33:56 IST" finished-at="2020-02-01T11:33:57 IST">
          <reporter-output>
          </reporter-output>
        </test-method> <!-- startReport -->
        <test-method status="PASS" signature="setData()[pri:0, instance:com.leafBot.testcases.TC003_CreateLead@6b57696f]" name="setData" is-config="true" duration-ms="0" started-at="2020-02-01T11:33:57 IST" finished-at="2020-02-01T11:33:57 IST">
          <reporter-output>
          </reporter-output>
        </test-method> <!-- setData -->
        <test-method status="PASS" signature="setUpClass()[pri:0, instance:com.leafBot.testcases.TC003_CreateLead@6b57696f]" name="setUpClass" is-config="true" duration-ms="87" started-at="2020-02-01T11:33:57 IST" finished-at="2020-02-01T11:33:57 IST">
          <reporter-output>
          </reporter-output>
        </test-method> <!-- setUpClass -->
        <test-method status="PASS" signature="report()[pri:0, instance:com.leafBot.testcases.TC003_CreateLead@6b57696f]" name="report" is-config="true" duration-ms="6" started-at="2020-02-01T11:33:57 IST" finished-at="2020-02-01T11:33:57 IST">
          <reporter-output>
          </reporter-output>
        </test-method> <!-- report -->
        <test-method status="PASS" signature="beforeMethod()[pri:0, instance:com.leafBot.testcases.TC003_CreateLead@6b57696f]" name="beforeMethod" is-config="true" duration-ms="7212" started-at="2020-02-01T11:33:57 IST" finished-at="2020-02-01T11:34:05 IST">
          <reporter-output>
          </reporter-output>
        </test-method> <!-- beforeMethod -->
        <test-method status="FAIL" signature="createLead(java.lang.String, java.lang.String, java.lang.String, java.lang.String, java.lang.String, java.lang.String)[pri:0, instance:com.leafBot.testcases.TC003_CreateLead@6b57696f]" name="createLead" duration-ms="1521" started-at="2020-02-01T11:34:05 IST" data-provider="fetchData" finished-at="2020-02-01T11:34:06 IST">
          <params>
            <param index="0">
              <value>
                <![CDATA[DemoSalesManager]]>
              </value>
            </param>
            <param index="1">
              <value>
                <![CDATA[crmsfa]]>
              </value>
            </param>
            <param index="2">
              <value>
                <![CDATA[TestLeaf]]>
              </value>
            </param>
            <param index="3">
              <value>
                <![CDATA[Babu]]>
              </value>
            </param>
            <param index="4">
              <value>
                <![CDATA[M]]>
              </value>
            </param>
            <param index="5">
              <value>
                <![CDATA[babu@testleaf.com]]>
              </value>
            </param>
          </params>
          <exception class="java.lang.NullPointerException">
            <full-stacktrace>
              <![CDATA[java.lang.NullPointerException
at com.aventstack.extentreports.ExtentTest.log(ExtentTest.java:303)
at com.aventstack.extentreports.ExtentTest.pass(ExtentTest.java:524)
at utils.Reporter.reportStep(Reporter.java:57)
at utils.Reporter.reportStep(Reporter.java:64)
at com.leafBot.selenium.api.base.SeleniumBase.clearAndType(SeleniumBase.java:91)
at com.leafBot.pages.LoginPage.enterUserName(LoginPage.java:41)
at com.leafBot.testcases.TC003_CreateLead.createLead(TC003_CreateLead.java:25)
at sun.reflect.NativeMethodAccessorImpl.invoke0(Native Method)
at sun.reflect.NativeMethodAccessorImpl.invoke(NativeMethodAccessorImpl.java:62)
at sun.reflect.DelegatingMethodAccessorImpl.invoke(DelegatingMethodAccessorImpl.java:43)
at java.lang.reflect.Method.invoke(Method.java:498)
at org.testng.internal.MethodInvocationHelper.invokeMethod(MethodInvocationHelper.java:133)
at org.testng.internal.TestInvoker.invokeMethod(TestInvoker.java:584)
at org.testng.internal.TestInvoker.invokeTestMethod(TestInvoker.java:172)
at org.testng.internal.MethodRunner.runInSequence(MethodRunner.java:46)
at org.testng.internal.TestInvoker$MethodInvocationAgent.invoke(TestInvoker.java:804)
at org.testng.internal.TestInvoker.invokeTestMethods(TestInvoker.java:145)
at org.testng.internal.TestMethodWorker.invokeTestMethods(TestMethodWorker.java:146)
at org.testng.internal.TestMethodWorker.run(TestMethodWorker.java:128)
at java.util.concurrent.ThreadPoolExecutor.runWorker(ThreadPoolExecutor.java:1149)
at java.util.concurrent.ThreadPoolExecutor$Worker.run(ThreadPoolExecutor.java:624)
at java.lang.Thread.run(Thread.java:748)
]]>
            </full-stacktrace>
          </exception> <!-- java.lang.NullPointerException -->
          <reporter-output>
          </reporter-output>
        </test-method> <!-- createLead -->
        <test-method status="PASS" signature="afterMethod()[pri:0, instance:com.leafBot.testcases.TC003_CreateLead@6b57696f]" name="afterMethod" is-config="true" duration-ms="236" started-at="2020-02-01T11:34:06 IST" finished-at="2020-02-01T11:34:06 IST">
          <reporter-output>
          </reporter-output>
        </test-method> <!-- afterMethod -->
        <test-method status="PASS" signature="beforeMethod()[pri:0, instance:com.leafBot.testcases.TC003_CreateLead@6b57696f]" name="beforeMethod" is-config="true" duration-ms="3139" started-at="2020-02-01T11:34:06 IST" finished-at="2020-02-01T11:34:09 IST">
          <reporter-output>
          </reporter-output>
        </test-method> <!-- beforeMethod -->
        <test-method status="PASS" signature="createLead(java.lang.String, java.lang.String, java.lang.String, java.lang.String, java.lang.String, java.lang.String)[pri:0, instance:com.leafBot.testcases.TC003_CreateLead@6b57696f]" name="createLead" duration-ms="15322" started-at="2020-02-01T11:34:09 IST" data-provider="fetchData" finished-at="2020-02-01T11:34:25 IST">
          <params>
            <param index="0">
              <value>
                <![CDATA[DemoSalesManager]]>
              </value>
            </param>
            <param index="1">
              <value>
                <![CDATA[crmsfa]]>
              </value>
            </param>
            <param index="2">
              <value>
                <![CDATA[Qeagle]]>
              </value>
            </param>
            <param index="3">
              <value>
                <![CDATA[Gopinath]]>
              </value>
            </param>
            <param index="4">
              <value>
                <![CDATA[Jayakumar]]>
              </value>
            </param>
            <param index="5">
              <value>
                <![CDATA[gopinath@testleaf.com]]>
              </value>
            </param>
          </params>
          <reporter-output>
          </reporter-output>
        </test-method> <!-- createLead -->
        <test-method status="PASS" signature="afterMethod()[pri:0, instance:com.leafBot.testcases.TC003_CreateLead@6b57696f]" name="afterMethod" is-config="true" duration-ms="408" started-at="2020-02-01T11:34:25 IST" finished-at="2020-02-01T11:34:25 IST">
          <reporter-output>
          </reporter-output>
        </test-method> <!-- afterMethod -->
        <test-method status="PASS" signature="tearDownClass()[pri:0, instance:com.leafBot.testcases.TC003_CreateLead@6b57696f]" name="tearDownClass" is-config="true" duration-ms="125" started-at="2020-02-01T11:34:25 IST" finished-at="2020-02-01T11:34:25 IST">
          <reporter-output>
          </reporter-output>
        </test-method> <!-- tearDownClass -->
        <test-method status="PASS" signature="stopReport()[pri:0, instance:com.leafBot.testcases.TC003_CreateLead@6b57696f]" name="stopReport" is-config="true" duration-ms="813" started-at="2020-02-01T11:34:25 IST" finished-at="2020-02-01T11:34:26 IST">
          <reporter-output>
          </reporter-output>
        </test-method> <!-- stopReport -->
      </class> <!-- com.leafBot.testcases.TC003_CreateLead -->
      <class name="com.leafBot.testcases.TC004_EditLead">
        <test-method status="PASS" signature="setData()[pri:0, instance:com.leafBot.testcases.TC004_EditLead@5bb21b69]" name="setData" is-config="true" duration-ms="1" started-at="2020-02-01T11:33:57 IST" finished-at="2020-02-01T11:33:57 IST">
          <reporter-output>
          </reporter-output>
        </test-method> <!-- setData -->
        <test-method status="PASS" signature="setUpClass()[pri:0, instance:com.leafBot.testcases.TC004_EditLead@5bb21b69]" name="setUpClass" is-config="true" duration-ms="87" started-at="2020-02-01T11:33:57 IST" finished-at="2020-02-01T11:33:57 IST">
          <reporter-output>
          </reporter-output>
        </test-method> <!-- setUpClass -->
        <test-method status="PASS" signature="report()[pri:0, instance:com.leafBot.testcases.TC004_EditLead@5bb21b69]" name="report" is-config="true" duration-ms="6" started-at="2020-02-01T11:33:57 IST" finished-at="2020-02-01T11:33:57 IST">
          <reporter-output>
          </reporter-output>
        </test-method> <!-- report -->
        <test-method status="PASS" signature="beforeMethod()[pri:0, instance:com.leafBot.testcases.TC004_EditLead@5bb21b69]" name="beforeMethod" is-config="true" duration-ms="7237" started-at="2020-02-01T11:33:57 IST" finished-at="2020-02-01T11:34:05 IST">
          <reporter-output>
          </reporter-output>
        </test-method> <!-- beforeMethod -->
        <test-method status="PASS" signature="editLead(java.lang.String, java.lang.String, java.lang.String, java.lang.String)[pri:0, instance:com.leafBot.testcases.TC004_EditLead@5bb21b69]" name="editLead" duration-ms="20196" started-at="2020-02-01T11:34:05 IST" data-provider="fetchData" finished-at="2020-02-01T11:34:25 IST">
          <params>
            <param index="0">
              <value>
                <![CDATA[DemoSalesManager]]>
              </value>
            </param>
            <param index="1">
              <value>
                <![CDATA[crmsfa]]>
              </value>
            </param>
            <param index="2">
              <value>
                <![CDATA[Babu]]>
              </value>
            </param>
            <param index="3">
              <value>
                <![CDATA[TestLeaf - Ver2]]>
              </value>
            </param>
          </params>
          <reporter-output>
          </reporter-output>
        </test-method> <!-- editLead -->
        <test-method status="PASS" signature="afterMethod()[pri:0, instance:com.leafBot.testcases.TC004_EditLead@5bb21b69]" name="afterMethod" is-config="true" duration-ms="364" started-at="2020-02-01T11:34:25 IST" finished-at="2020-02-01T11:34:25 IST">
          <reporter-output>
          </reporter-output>
        </test-method> <!-- afterMethod -->
        <test-method status="PASS" signature="tearDownClass()[pri:0, instance:com.leafBot.testcases.TC004_EditLead@5bb21b69]" name="tearDownClass" is-config="true" duration-ms="175" started-at="2020-02-01T11:34:25 IST" finished-at="2020-02-01T11:34:25 IST">
          <reporter-output>
          </reporter-output>
        </test-method> <!-- tearDownClass -->
      </class> <!-- com.leafBot.testcases.TC004_EditLead -->
    </test> <!-- Test -->
  </suite> <!-- Suite -->
</testng-results>
